This file contains any messages produced by compilers while
running configure, to aid debugging if configure makes a mistake.

It was created by OpenBabel configure 1.100.2, which was
generated by GNU Autoconf 2.59.  Invocation command line was

  $ ./configure --prefix=/d/winlibghemical --enable-openbabel

## --------- ##
## Platform. ##
## --------- ##

hostname = daju
uname -m = i686
uname -r = 1.0.9(0.46/3/2)
uname -s = MINGW32_NT-5.1
uname -v = 2003-07-03 07:26

/usr/bin/uname -p = unknown
/bin/uname -X     = unknown

/bin/arch              = unknown
/usr/bin/arch -k       = unknown
/usr/convex/getsysinfo = unknown
hostinfo               = unknown
/bin/machine           = unknown
/usr/bin/oslevel       = unknown
/bin/universe          = unknown

PATH: .
PATH: /usr/local/bin
PATH: /mingw/bin
PATH: /bin
PATH: /c/WINDOWS/system32
PATH: /c/WINDOWS
PATH: /c/WINDOWS/system32/WBEM
PATH: /c/MATLAB7/bin/win32
PATH: /c/Program Files/Microsoft Visual Studio/Common/Tools/WinNT
PATH: /c/Program Files/Microsoft Visual Studio/Common/MSDev98/Bin
PATH: /c/Program Files/Microsoft Visual Studio/Common/Tools
PATH: /c/Program Files/Microsoft Visual Studio/VC98/bin


## ----------- ##
## Core tests. ##
## ----------- ##

configure:1555: checking for a BSD-compatible install
configure:1610: result: /bin/install -c
configure:1621: checking whether build environment is sane
configure:1664: result: yes
configure:1721: checking for gawk
configure:1737: found /bin/gawk
configure:1747: result: gawk
configure:1757: checking whether make sets $(MAKE)
configure:1777: result: yes
configure:1932: checking whether to enable maintainer-specific portions of Makefiles
configure:1941: result: no
configure:1970: checking build system type
configure:1988: result: i686-pc-mingw32
configure:1996: checking host system type
configure:2010: result: i686-pc-mingw32
configure:2077: checking for gcc
configure:2093: found /mingw/bin/gcc
configure:2103: result: gcc
configure:2347: checking for C compiler version
configure:2350: gcc --version </dev/null >&5
gcc.exe (GCC) 3.2.3 (mingw special 20030504-1)
Copyright (C) 2002 Free Software Foundation, Inc.
This is free software; see the source for copying conditions.  There is NO
warranty; not even for MERCHANTABILITY or FITNESS FOR A PARTICULAR PURPOSE.

configure:2353: $? = 0
configure:2355: gcc -v </dev/null >&5
Reading specs from c:/mingw/bin/../lib/gcc-lib/mingw32/3.2.3/specs
Configured with: ../gcc/configure --with-gcc --with-gnu-ld --with-gnu-as --host=mingw32 --target=mingw32 --prefix=/mingw --enable-threads --disable-nls --enable-languages=c++,f77,objc --disable-win32-registry --disable-shared --enable-sjlj-exceptions
Thread model: win32
gcc version 3.2.3 (mingw special 20030504-1)
configure:2358: $? = 0
configure:2360: gcc -V </dev/null >&5
gcc.exe: argument to `-V' is missing
configure:2363: $? = 1
configure:2386: checking for C compiler default output file name
configure:2389: gcc    conftest.c  >&5
configure:2392: $? = 0
configure:2438: result: a.exe
configure:2443: checking whether the C compiler works
configure:2449: ./a.exe
configure:2452: $? = 0
configure:2469: result: yes
configure:2476: checking whether we are cross compiling
configure:2478: result: no
configure:2481: checking for suffix of executables
configure:2483: gcc -o conftest.exe    conftest.c  >&5
configure:2486: $? = 0
configure:2511: result: .exe
configure:2517: checking for suffix of object files
configure:2538: gcc -c   conftest.c >&5
configure:2541: $? = 0
configure:2563: result: o
configure:2567: checking whether we are using the GNU C compiler
configure:2591: gcc -c   conftest.c >&5
configure:2597: $? = 0
configure:2601: test -z 
			 || test ! -s conftest.err
configure:2604: $? = 0
configure:2607: test -s conftest.o
configure:2610: $? = 0
configure:2623: result: yes
configure:2629: checking whether gcc accepts -g
configure:2650: gcc -c -g  conftest.c >&5
configure:2656: $? = 0
configure:2660: test -z 
			 || test ! -s conftest.err
configure:2663: $? = 0
configure:2666: test -s conftest.o
configure:2669: $? = 0
configure:2680: result: yes
configure:2697: checking for gcc option to accept ANSI C
configure:2767: gcc  -c -g -O2  conftest.c >&5
configure:2773: $? = 0
configure:2777: test -z 
			 || test ! -s conftest.err
configure:2780: $? = 0
configure:2783: test -s conftest.o
configure:2786: $? = 0
configure:2804: result: none needed
configure:2822: gcc -c -g -O2  conftest.c >&5
conftest.c:2: parse error before "me"
configure:2828: $? = 1
configure: failed program was:
| #ifndef __cplusplus
|   choke me
| #endif
configure:2972: checking for style of include used by make
configure:3000: result: GNU
configure:3028: checking dependency style of gcc
configure:3111: result: gcc3
configure:3180: checking for g++
configure:3196: found /mingw/bin/g++
configure:3206: result: g++
configure:3222: checking for C++ compiler version
configure:3225: g++ --version </dev/null >&5
g++.exe (GCC) 3.2.3 (mingw special 20030504-1)
Copyright (C) 2002 Free Software Foundation, Inc.
This is free software; see the source for copying conditions.  There is NO
warranty; not even for MERCHANTABILITY or FITNESS FOR A PARTICULAR PURPOSE.

configure:3228: $? = 0
configure:3230: g++ -v </dev/null >&5
Reading specs from c:/mingw/bin/../lib/gcc-lib/mingw32/3.2.3/specs
Configured with: ../gcc/configure --with-gcc --with-gnu-ld --with-gnu-as --host=mingw32 --target=mingw32 --prefix=/mingw --enable-threads --disable-nls --enable-languages=c++,f77,objc --disable-win32-registry --disable-shared --enable-sjlj-exceptions
Thread model: win32
gcc version 3.2.3 (mingw special 20030504-1)
configure:3233: $? = 0
configure:3235: g++ -V </dev/null >&5
g++.exe: argument to `-V' missing

configure:3238: $? = 1
configure:3241: checking whether we are using the GNU C++ compiler
configure:3265: g++ -c   conftest.cc >&5
configure:3271: $? = 0
configure:3275: test -z 
			 || test ! -s conftest.err
configure:3278: $? = 0
configure:3281: test -s conftest.o
configure:3284: $? = 0
configure:3297: result: yes
configure:3303: checking whether g++ accepts -g
configure:3324: g++ -c -g  conftest.cc >&5
configure:3330: $? = 0
configure:3334: test -z 
			 || test ! -s conftest.err
configure:3337: $? = 0
configure:3340: test -s conftest.o
configure:3343: $? = 0
configure:3354: result: yes
configure:3396: g++ -c -g -O2  conftest.cc >&5
configure:3402: $? = 0
configure:3406: test -z 
			 || test ! -s conftest.err
configure:3409: $? = 0
configure:3412: test -s conftest.o
configure:3415: $? = 0
configure:3441: g++ -c -g -O2  conftest.cc >&5
conftest.cc: In function `int main()':
conftest.cc:15: `exit' undeclared (first use this function)
conftest.cc:15: (Each undeclared identifier is reported only once for each 
   function it appears in.)
configure:3447: $? = 1
configure: failed program was:
| /* confdefs.h.  */
| 
| #define PACKAGE_NAME "OpenBabel"
| #define PACKAGE_TARNAME "openbabel"
| #define PACKAGE_VERSION "1.100.2"
| #define PACKAGE_STRING "OpenBabel 1.100.2"
| #define PACKAGE_BUGREPORT "openbabel-discuss@lists.sourceforge.net"
| #define BABEL_VERSION "1.100.2"
| #define BABEL_DATADIR "/d/winlibghemical/share/openbabel"
| /* end confdefs.h.  */
| 
| int
| main ()
| {
| exit (42);
|   ;
|   return 0;
| }
configure:3396: g++ -c -g -O2  conftest.cc >&5
configure:3402: $? = 0
configure:3406: test -z 
			 || test ! -s conftest.err
configure:3409: $? = 0
configure:3412: test -s conftest.o
configure:3415: $? = 0
configure:3441: g++ -c -g -O2  conftest.cc >&5
configure:3447: $? = 0
configure:3451: test -z 
			 || test ! -s conftest.err
configure:3454: $? = 0
configure:3457: test -s conftest.o
configure:3460: $? = 0
configure:3485: checking dependency style of g++
configure:3568: result: gcc3
configure:3590: checking how to run the C++ preprocessor
configure:3621: g++ -E  conftest.cc
configure:3627: $? = 0
configure:3659: g++ -E  conftest.cc
conftest.cc:14:28: ac_nonexistent.h: No such file or directory
configure:3665: $? = 1
configure: failed program was:
| /* confdefs.h.  */
| 
| #define PACKAGE_NAME "OpenBabel"
| #define PACKAGE_TARNAME "openbabel"
| #define PACKAGE_VERSION "1.100.2"
| #define PACKAGE_STRING "OpenBabel 1.100.2"
| #define PACKAGE_BUGREPORT "openbabel-discuss@lists.sourceforge.net"
| #define BABEL_VERSION "1.100.2"
| #define BABEL_DATADIR "/d/winlibghemical/share/openbabel"
| #ifdef __cplusplus
| extern "C" void std::exit (int) throw (); using std::exit;
| #endif
| /* end confdefs.h.  */
| #include <ac_nonexistent.h>
configure:3704: result: g++ -E
configure:3728: g++ -E  conftest.cc
configure:3734: $? = 0
configure:3766: g++ -E  conftest.cc
conftest.cc:14:28: ac_nonexistent.h: No such file or directory
configure:3772: $? = 1
configure: failed program was:
| /* confdefs.h.  */
| 
| #define PACKAGE_NAME "OpenBabel"
| #define PACKAGE_TARNAME "openbabel"
| #define PACKAGE_VERSION "1.100.2"
| #define PACKAGE_STRING "OpenBabel 1.100.2"
| #define PACKAGE_BUGREPORT "openbabel-discuss@lists.sourceforge.net"
| #define BABEL_VERSION "1.100.2"
| #define BABEL_DATADIR "/d/winlibghemical/share/openbabel"
| #ifdef __cplusplus
| extern "C" void std::exit (int) throw (); using std::exit;
| #endif
| /* end confdefs.h.  */
| #include <ac_nonexistent.h>
configure:3828: checking for a BSD-compatible install
configure:3883: result: /bin/install -c
configure:3967: checking for a sed that does not truncate output
configure:4021: result: /bin/sed
configure:4024: checking for egrep
configure:4034: result: grep -E
configure:4050: checking for ld used by gcc
configure:4117: result: c:/mingw/mingw32/bin/ld.exe
configure:4126: checking if the linker (c:/mingw/mingw32/bin/ld.exe) is GNU ld
configure:4141: result: yes
configure:4146: checking for c:/mingw/mingw32/bin/ld.exe option to reload object files
configure:4153: result: -r
configure:4162: checking for BSD-compatible nm
configure:4204: result: /mingw/bin/nm
configure:4208: checking whether ln -s works
configure:4212: result: yes
configure:4219: checking how to recognise dependent libraries
configure:4402: result: file_magic file format pei*-i386(.*architecture: i386)?
configure:4616: checking how to run the C preprocessor
configure:4651: gcc -E  conftest.c
configure:4657: $? = 0
configure:4689: gcc -E  conftest.c
conftest.c:14:28: ac_nonexistent.h: No such file or directory
configure:4695: $? = 1
configure: failed program was:
| /* confdefs.h.  */
| 
| #define PACKAGE_NAME "OpenBabel"
| #define PACKAGE_TARNAME "openbabel"
| #define PACKAGE_VERSION "1.100.2"
| #define PACKAGE_STRING "OpenBabel 1.100.2"
| #define PACKAGE_BUGREPORT "openbabel-discuss@lists.sourceforge.net"
| #define BABEL_VERSION "1.100.2"
| #define BABEL_DATADIR "/d/winlibghemical/share/openbabel"
| #ifdef __cplusplus
| extern "C" void std::exit (int) throw (); using std::exit;
| #endif
| /* end confdefs.h.  */
| #include <ac_nonexistent.h>
configure:4734: result: gcc -E
configure:4758: gcc -E  conftest.c
configure:4764: $? = 0
configure:4796: gcc -E  conftest.c
conftest.c:14:28: ac_nonexistent.h: No such file or directory
configure:4802: $? = 1
configure: failed program was:
| /* confdefs.h.  */
| 
| #define PACKAGE_NAME "OpenBabel"
| #define PACKAGE_TARNAME "openbabel"
| #define PACKAGE_VERSION "1.100.2"
| #define PACKAGE_STRING "OpenBabel 1.100.2"
| #define PACKAGE_BUGREPORT "openbabel-discuss@lists.sourceforge.net"
| #define BABEL_VERSION "1.100.2"
| #define BABEL_DATADIR "/d/winlibghemical/share/openbabel"
| #ifdef __cplusplus
| extern "C" void std::exit (int) throw (); using std::exit;
| #endif
| /* end confdefs.h.  */
| #include <ac_nonexistent.h>
configure:4846: checking for ANSI C header files
configure:4871: gcc -c -g -O2  conftest.c >&5
configure:4877: $? = 0
configure:4881: test -z 
			 || test ! -s conftest.err
configure:4884: $? = 0
configure:4887: test -s conftest.o
configure:4890: $? = 0
configure:4976: gcc -o conftest.exe -g -O2   conftest.c  >&5
configure:4979: $? = 0
configure:4981: ./conftest.exe
configure:4984: $? = 0
configure:4999: result: yes
configure:5023: checking for sys/types.h
configure:5039: gcc -c -g -O2  conftest.c >&5
configure:5045: $? = 0
configure:5049: test -z 
			 || test ! -s conftest.err
configure:5052: $? = 0
configure:5055: test -s conftest.o
configure:5058: $? = 0
configure:5069: result: yes
configure:5023: checking for sys/stat.h
configure:5039: gcc -c -g -O2  conftest.c >&5
configure:5045: $? = 0
configure:5049: test -z 
			 || test ! -s conftest.err
configure:5052: $? = 0
configure:5055: test -s conftest.o
configure:5058: $? = 0
configure:5069: result: yes
configure:5023: checking for stdlib.h
configure:5039: gcc -c -g -O2  conftest.c >&5
configure:5045: $? = 0
configure:5049: test -z 
			 || test ! -s conftest.err
configure:5052: $? = 0
configure:5055: test -s conftest.o
configure:5058: $? = 0
configure:5069: result: yes
configure:5023: checking for string.h
configure:5039: gcc -c -g -O2  conftest.c >&5
configure:5045: $? = 0
configure:5049: test -z 
			 || test ! -s conftest.err
configure:5052: $? = 0
configure:5055: test -s conftest.o
configure:5058: $? = 0
configure:5069: result: yes
configure:5023: checking for memory.h
configure:5039: gcc -c -g -O2  conftest.c >&5
configure:5045: $? = 0
configure:5049: test -z 
			 || test ! -s conftest.err
configure:5052: $? = 0
configure:5055: test -s conftest.o
configure:5058: $? = 0
configure:5069: result: yes
configure:5023: checking for strings.h
configure:5039: gcc -c -g -O2  conftest.c >&5
configure:5045: $? = 0
configure:5049: test -z 
			 || test ! -s conftest.err
configure:5052: $? = 0
configure:5055: test -s conftest.o
configure:5058: $? = 0
configure:5069: result: yes
configure:5023: checking for inttypes.h
configure:5039: gcc -c -g -O2  conftest.c >&5
configure:5045: $? = 0
configure:5049: test -z 
			 || test ! -s conftest.err
configure:5052: $? = 0
configure:5055: test -s conftest.o
configure:5058: $? = 0
configure:5069: result: yes
configure:5023: checking for stdint.h
configure:5039: gcc -c -g -O2  conftest.c >&5
configure:5045: $? = 0
configure:5049: test -z 
			 || test ! -s conftest.err
configure:5052: $? = 0
configure:5055: test -s conftest.o
configure:5058: $? = 0
configure:5069: result: yes
configure:5023: checking for unistd.h
configure:5039: gcc -c -g -O2  conftest.c >&5
configure:5045: $? = 0
configure:5049: test -z 
			 || test ! -s conftest.err
configure:5052: $? = 0
configure:5055: test -s conftest.o
configure:5058: $? = 0
configure:5069: result: yes
configure:5095: checking dlfcn.h usability
configure:5107: gcc -c -g -O2  conftest.c >&5
conftest.c:58:19: dlfcn.h: No such file or directory
configure:5113: $? = 1
configure: failed program was:
| /* confdefs.h.  */
| 
| #define PACKAGE_NAME "OpenBabel"
| #define PACKAGE_TARNAME "openbabel"
| #define PACKAGE_VERSION "1.100.2"
| #define PACKAGE_STRING "OpenBabel 1.100.2"
| #define PACKAGE_BUGREPORT "openbabel-discuss@lists.sourceforge.net"
| #define BABEL_VERSION "1.100.2"
| #define BABEL_DATADIR "/d/winlibghemical/share/openbabel"
| #ifdef __cplusplus
| extern "C" void std::exit (int) throw (); using std::exit;
| #endif
| #define STDC_HEADERS 1
| #define HAVE_SYS_TYPES_H 1
| #define HAVE_SYS_STAT_H 1
| #define HAVE_STDLIB_H 1
| #define HAVE_STRING_H 1
| #define HAVE_MEMORY_H 1
| #define HAVE_STRINGS_H 1
| #define HAVE_INTTYPES_H 1
| #define HAVE_STDINT_H 1
| #define HAVE_UNISTD_H 1
| /* end confdefs.h.  */
| #include <stdio.h>
| #if HAVE_SYS_TYPES_H
| # include <sys/types.h>
| #endif
| #if HAVE_SYS_STAT_H
| # include <sys/stat.h>
| #endif
| #if STDC_HEADERS
| # include <stdlib.h>
| # include <stddef.h>
| #else
| # if HAVE_STDLIB_H
| #  include <stdlib.h>
| # endif
| #endif
| #if HAVE_STRING_H
| # if !STDC_HEADERS && HAVE_MEMORY_H
| #  include <memory.h>
| # endif
| # include <string.h>
| #endif
| #if HAVE_STRINGS_H
| # include <strings.h>
| #endif
| #if HAVE_INTTYPES_H
| # include <inttypes.h>
| #else
| # if HAVE_STDINT_H
| #  include <stdint.h>
| # endif
| #endif
| #if HAVE_UNISTD_H
| # include <unistd.h>
| #endif
| #include <dlfcn.h>
configure:5136: result: no
configure:5140: checking dlfcn.h presence
configure:5150: gcc -E  conftest.c
conftest.c:24:19: dlfcn.h: No such file or directory
configure:5156: $? = 1
configure: failed program was:
| /* confdefs.h.  */
| 
| #define PACKAGE_NAME "OpenBabel"
| #define PACKAGE_TARNAME "openbabel"
| #define PACKAGE_VERSION "1.100.2"
| #define PACKAGE_STRING "OpenBabel 1.100.2"
| #define PACKAGE_BUGREPORT "openbabel-discuss@lists.sourceforge.net"
| #define BABEL_VERSION "1.100.2"
| #define BABEL_DATADIR "/d/winlibghemical/share/openbabel"
| #ifdef __cplusplus
| extern "C" void std::exit (int) throw (); using std::exit;
| #endif
| #define STDC_HEADERS 1
| #define HAVE_SYS_TYPES_H 1
| #define HAVE_SYS_STAT_H 1
| #define HAVE_STDLIB_H 1
| #define HAVE_STRING_H 1
| #define HAVE_MEMORY_H 1
| #define HAVE_STRINGS_H 1
| #define HAVE_INTTYPES_H 1
| #define HAVE_STDINT_H 1
| #define HAVE_UNISTD_H 1
| /* end confdefs.h.  */
| #include <dlfcn.h>
configure:5176: result: no
configure:5211: checking for dlfcn.h
configure:5218: result: no
configure:5283: checking for g77
configure:5299: found /mingw/bin/g77
configure:5309: result: g77
configure:5327: checking for Fortran 77 compiler version
configure:5327: g77 --version </dev/null >&5
GNU Fortran (GCC 3.2.3 (mingw special 20030504-1)) 3.2.3 20030425 (release)
Copyright (C) 2002 Free Software Foundation, Inc.

GNU Fortran comes with NO WARRANTY, to the extent permitted by law.
You may redistribute copies of GNU Fortran
under the terms of the GNU General Public License.
For more information about these matters, see the file named COPYING
or type the command `info -f g77 Copying'.
configure:5330: $? = 0
configure:5332: g77 -v </dev/null >&5
Reading specs from c:/mingw/bin/../lib/gcc-lib/mingw32/3.2.3/specs
Configured with: ../gcc/configure --with-gcc --with-gnu-ld --with-gnu-as --host=mingw32 --target=mingw32 --prefix=/mingw --enable-threads --disable-nls --enable-languages=c++,f77,objc --disable-win32-registry --disable-shared --enable-sjlj-exceptions
Thread model: win32
gcc version 3.2.3 (mingw special 20030504-1)
configure:5335: $? = 0
configure:5337: g77 -V </dev/null >&5
g77.exe: argument to `-V' missing
configure:5340: $? = 1
configure:5348: checking whether we are using the GNU Fortran 77 compiler
configure:5362: g77 -c  conftest.F >&5
configure:5368: $? = 0
configure:5372: test -z 
			 || test ! -s conftest.err
configure:5375: $? = 0
configure:5378: test -s conftest.o
configure:5381: $? = 0
configure:5394: result: yes
configure:5400: checking whether g77 accepts -g
configure:5412: g77 -c -g conftest.f >&5
configure:5418: $? = 0
configure:5422: test -z 
			 || test ! -s conftest.err
configure:5425: $? = 0
configure:5428: test -s conftest.o
configure:5431: $? = 0
configure:5443: result: yes
configure:5473: checking the maximum length of command line arguments
configure:5538: result: 8192
configure:5549: checking command to parse /mingw/bin/nm output from gcc object
configure:5638: gcc -c -g -O2  conftest.c >&5
configure:5641: $? = 0
configure:5645: /mingw/bin/nm conftest.o \| sed -n -e 's/^.*[ 	]\([ABCDGIRSTW][ABCDGIRSTW]*\)[ 	][ 	]*\(\)\([_A-Za-z][_A-Za-z0-9]*\)\{0,1\}$/\1 \2\3 \3/p' \> conftest.nm
configure:5648: $? = 0
cannot find nm_test_var in conftest.nm
configure:5638: gcc -c -g -O2  conftest.c >&5
configure:5641: $? = 0
configure:5645: /mingw/bin/nm conftest.o \| sed -n -e 's/^.*[ 	]\([ABCDGIRSTW][ABCDGIRSTW]*\)[ 	][ 	]*\(_\)\([_A-Za-z][_A-Za-z0-9]*\)\{0,1\}$/\1 \2\3 \3/p' \> conftest.nm
configure:5648: $? = 0
configure:5700: gcc -o conftest.exe -g -O2   conftest.c conftstm.o >&5
configure:5703: $? = 0
configure:5741: result: ok
configure:5745: checking for objdir
configure:5760: result: .libs
configure:5850: checking for ar
configure:5866: found /mingw/bin/ar
configure:5877: result: ar
configure:5930: checking for ranlib
configure:5946: found /mingw/bin/ranlib
configure:5957: result: ranlib
configure:6010: checking for strip
configure:6026: found /mingw/bin/strip
configure:6037: result: strip
configure:6299: checking if gcc static flag  works
configure:6322: result: yes
configure:6340: checking if gcc supports -fno-rtti -fno-exceptions
configure:6361: gcc -c -g -O2  -fno-rtti -fno-exceptions conftest.c >&5
configure:6365: $? = 0
configure:6373: result: yes
configure:6388: checking for gcc option to produce PIC
configure:6565: result: -DDLL_EXPORT
configure:6573: checking if gcc PIC flag -DDLL_EXPORT works
configure:6594: gcc -c -g -O2  -DDLL_EXPORT -DPIC conftest.c >&5
configure:6598: $? = 0
configure:6606: result: yes
configure:6630: checking if gcc supports -c -o file.o
configure:6654: gcc -c -g -O2  -o out/conftest2.o conftest.c >&5
configure:6658: $? = 0
configure:6675: result: yes
configure:6701: checking whether the gcc linker (c:/mingw/mingw32/bin/ld.exe) supports shared libraries
configure:7549: result: yes
configure:7575: checking whether -lc should be explicitly linked in
configure:7580: gcc -c -g -O2  conftest.c >&5
configure:7583: $? = 0
configure:7597: gcc -shared conftest.o  -v -o ./conftest -Wl,--image-base=0x10000000 -Wl,--out-implib,conftest 2\>\&1 \| grep  -lc  \>/dev/null 2\>\&1
configure:7600: $? = 1
configure:7612: result: yes
configure:7620: checking dynamic linker characteristics
configure:8160: result: Win32 ld.exe
configure:8164: checking how to hardcode library paths into programs
configure:8189: result: immediate
configure:8203: checking whether stripping libraries is possible
configure:8208: result: yes
configure:9038: checking if libtool supports shared libraries
configure:9040: result: yes
configure:9043: checking whether to build shared libraries
configure:9101: result: yes
configure:9104: checking whether to build static libraries
configure:9108: result: yes
configure:9200: creating libtool
configure:9747: checking for ld used by g++
configure:9814: result: c:/mingw/mingw32/bin/ld.exe
configure:9823: checking if the linker (c:/mingw/mingw32/bin/ld.exe) is GNU ld
configure:9838: result: yes
configure:9889: checking whether the g++ linker (c:/mingw/mingw32/bin/ld.exe) supports shared libraries
configure:10717: result: yes
configure:10735: g++ -c -g -O2  conftest.cc >&5
configure:10738: $? = 0
configure:10834: checking for g++ option to produce PIC
configure:11086: result: -DDLL_EXPORT
configure:11094: checking if g++ PIC flag -DDLL_EXPORT works
configure:11115: g++ -c -g -O2  -DDLL_EXPORT -DPIC conftest.cc >&5
configure:11119: $? = 0
configure:11127: result: yes
configure:11151: checking if g++ supports -c -o file.o
configure:11175: g++ -c -g -O2  -o out/conftest2.o conftest.cc >&5
configure:11179: $? = 0
configure:11196: result: yes
configure:11222: checking whether the g++ linker (c:/mingw/mingw32/bin/ld.exe) supports shared libraries
configure:11247: result: yes
configure:11318: checking dynamic linker characteristics
configure:11858: result: Win32 ld.exe
configure:11862: checking how to hardcode library paths into programs
configure:11887: result: immediate
configure:11901: checking whether stripping libraries is possible
configure:11906: result: yes
configure:13213: checking if libtool supports shared libraries
configure:13215: result: yes
configure:13218: checking whether to build shared libraries
configure:13236: result: yes
configure:13239: checking whether to build static libraries
configure:13243: result: yes
configure:13255: checking for g77 option to produce PIC
configure:13432: result: -DDLL_EXPORT
configure:13440: checking if g77 PIC flag -DDLL_EXPORT works
configure:13461: g77 -c -g -O2 -DDLL_EXPORT conftest.f >&5
configure:13465: $? = 0
configure:13473: result: yes
configure:13497: checking if g77 supports -c -o file.o
configure:13521: g77 -c -g -O2 -o out/conftest2.o conftest.f >&5
configure:13525: $? = 0
configure:13542: result: yes
configure:13568: checking whether the g77 linker (c:/mingw/mingw32/bin/ld.exe) supports shared libraries
configure:14396: result: yes
configure:14467: checking dynamic linker characteristics
configure:15007: result: Win32 ld.exe
configure:15011: checking how to hardcode library paths into programs
configure:15036: result: immediate
configure:15050: checking whether stripping libraries is possible
configure:15055: result: yes
configure:19199: checking for asin in -lm
configure:19229: g++ -o conftest.exe -g -O2   conftest.cc -lm   >&5
configure:19235: $? = 0
configure:19239: test -z 
			 || test ! -s conftest.err
configure:19242: $? = 0
configure:19245: test -s conftest.exe
configure:19248: $? = 0
configure:19261: result: yes
configure:19295: checking sys/time.h usability
configure:19307: g++ -c -g -O2  conftest.cc >&5
configure:19313: $? = 0
configure:19317: test -z 
			 || test ! -s conftest.err
configure:19320: $? = 0
configure:19323: test -s conftest.o
configure:19326: $? = 0
configure:19336: result: yes
configure:19340: checking sys/time.h presence
configure:19350: g++ -E  conftest.cc
configure:19356: $? = 0
configure:19376: result: yes
configure:19411: checking for sys/time.h
configure:19418: result: yes
configure:19286: checking for unistd.h
configure:19291: result: yes
configure:19286: checking for stdlib.h
configure:19291: result: yes
configure:19295: checking stdio.h usability
configure:19307: g++ -c -g -O2  conftest.cc >&5
configure:19313: $? = 0
configure:19317: test -z 
			 || test ! -s conftest.err
configure:19320: $? = 0
configure:19323: test -s conftest.o
configure:19326: $? = 0
configure:19336: result: yes
configure:19340: checking stdio.h presence
configure:19350: g++ -E  conftest.cc
configure:19356: $? = 0
configure:19376: result: yes
configure:19411: checking for stdio.h
configure:19418: result: yes
configure:19295: checking conio.h usability
configure:19307: g++ -c -g -O2  conftest.cc >&5
configure:19313: $? = 0
configure:19317: test -z 
			 || test ! -s conftest.err
configure:19320: $? = 0
configure:19323: test -s conftest.o
configure:19326: $? = 0
configure:19336: result: yes
configure:19340: checking conio.h presence
configure:19350: g++ -E  conftest.cc
configure:19356: $? = 0
configure:19376: result: yes
configure:19411: checking for conio.h
configure:19418: result: yes
configure:19286: checking for string.h
configure:19291: result: yes
configure:19449: checking strstream.h usability
configure:19461: g++ -c -g -O2  conftest.cc >&5
In file included from c:/mingw/include/c++/3.2.3/backward/strstream:51,
                 from c:/mingw/include/c++/3.2.3/backward/strstream.h:33,
                 from conftest.cc:65:
c:/mingw/include/c++/3.2.3/backward/backward_warning.h:32:2: warning: #warning This file includes at least one deprecated or antiquated header. Please consider using one of the 32 headers found in section 17.4.1.2 of the C++ standard. Examples include substituting the <X> header for the <X.h> header for C++ includes, or <sstream> instead of the deprecated header <strstream.h>. To disable this warning use -Wno-deprecated.
configure:19467: $? = 0
configure:19471: test -z 
			 || test ! -s conftest.err
configure:19474: $? = 0
configure:19477: test -s conftest.o
configure:19480: $? = 0
configure:19490: result: yes
configure:19494: checking strstream.h presence
configure:19504: g++ -E  conftest.cc
In file included from c:/mingw/include/c++/3.2.3/backward/strstream:51,
                 from c:/mingw/include/c++/3.2.3/backward/strstream.h:33,
                 from conftest.cc:31:
c:/mingw/include/c++/3.2.3/backward/backward_warning.h:32:2: warning: #warning This file includes at least one deprecated or antiquated header. Please consider using one of the 32 headers found in section 17.4.1.2 of the C++ standard. Examples include substituting the <X> header for the <X.h> header for C++ includes, or <sstream> instead of the deprecated header <strstream.h>. To disable this warning use -Wno-deprecated.
configure:19510: $? = 0
configure:19530: result: yes
configure:19565: checking for strstream.h
configure:19572: result: yes
configure:19449: checking iostream.h usability
configure:19461: g++ -c -g -O2  conftest.cc >&5
In file included from c:/mingw/include/c++/3.2.3/backward/iostream.h:31,
                 from conftest.cc:66:
c:/mingw/include/c++/3.2.3/backward/backward_warning.h:32:2: warning: #warning This file includes at least one deprecated or antiquated header. Please consider using one of the 32 headers found in section 17.4.1.2 of the C++ standard. Examples include substituting the <X> header for the <X.h> header for C++ includes, or <sstream> instead of the deprecated header <strstream.h>. To disable this warning use -Wno-deprecated.
configure:19467: $? = 0
configure:19471: test -z 
			 || test ! -s conftest.err
configure:19474: $? = 0
configure:19477: test -s conftest.o
configure:19480: $? = 0
configure:19490: result: yes
configure:19494: checking iostream.h presence
configure:19504: g++ -E  conftest.cc
In file included from c:/mingw/include/c++/3.2.3/backward/iostream.h:31,
                 from conftest.cc:32:
c:/mingw/include/c++/3.2.3/backward/backward_warning.h:32:2: warning: #warning This file includes at least one deprecated or antiquated header. Please consider using one of the 32 headers found in section 17.4.1.2 of the C++ standard. Examples include substituting the <X> header for the <X.h> header for C++ includes, or <sstream> instead of the deprecated header <strstream.h>. To disable this warning use -Wno-deprecated.
configure:19510: $? = 0
configure:19530: result: yes
configure:19565: checking for iostream.h
configure:19572: result: yes
configure:19449: checking fstream.h usability
configure:19461: g++ -c -g -O2  conftest.cc >&5
In file included from c:/mingw/include/c++/3.2.3/backward/fstream.h:31,
                 from conftest.cc:67:
c:/mingw/include/c++/3.2.3/backward/backward_warning.h:32:2: warning: #warning This file includes at least one deprecated or antiquated header. Please consider using one of the 32 headers found in section 17.4.1.2 of the C++ standard. Examples include substituting the <X> header for the <X.h> header for C++ includes, or <sstream> instead of the deprecated header <strstream.h>. To disable this warning use -Wno-deprecated.
configure:19467: $? = 0
configure:19471: test -z 
			 || test ! -s conftest.err
configure:19474: $? = 0
configure:19477: test -s conftest.o
configure:19480: $? = 0
configure:19490: result: yes
configure:19494: checking fstream.h presence
configure:19504: g++ -E  conftest.cc
In file included from c:/mingw/include/c++/3.2.3/backward/fstream.h:31,
                 from conftest.cc:33:
c:/mingw/include/c++/3.2.3/backward/backward_warning.h:32:2: warning: #warning This file includes at least one deprecated or antiquated header. Please consider using one of the 32 headers found in section 17.4.1.2 of the C++ standard. Examples include substituting the <X> header for the <X.h> header for C++ includes, or <sstream> instead of the deprecated header <strstream.h>. To disable this warning use -Wno-deprecated.
configure:19510: $? = 0
configure:19530: result: yes
configure:19565: checking for fstream.h
configure:19572: result: yes
configure:19449: checking math.h usability
configure:19461: g++ -c -g -O2  conftest.cc >&5
configure:19467: $? = 0
configure:19471: test -z 
			 || test ! -s conftest.err
configure:19474: $? = 0
configure:19477: test -s conftest.o
configure:19480: $? = 0
configure:19490: result: yes
configure:19494: checking math.h presence
configure:19504: g++ -E  conftest.cc
configure:19510: $? = 0
configure:19530: result: yes
configure:19565: checking for math.h
configure:19572: result: yes
configure:19449: checking time.h usability
configure:19461: g++ -c -g -O2  conftest.cc >&5
configure:19467: $? = 0
configure:19471: test -z 
			 || test ! -s conftest.err
configure:19474: $? = 0
configure:19477: test -s conftest.o
configure:19480: $? = 0
configure:19490: result: yes
configure:19494: checking time.h presence
configure:19504: g++ -E  conftest.cc
configure:19510: $? = 0
configure:19530: result: yes
configure:19565: checking for time.h
configure:19572: result: yes
configure:19603: checking ctype.h usability
configure:19615: g++ -c -g -O2  conftest.cc >&5
configure:19621: $? = 0
configure:19625: test -z 
			 || test ! -s conftest.err
configure:19628: $? = 0
configure:19631: test -s conftest.o
configure:19634: $? = 0
configure:19644: result: yes
configure:19648: checking ctype.h presence
configure:19658: g++ -E  conftest.cc
configure:19664: $? = 0
configure:19684: result: yes
configure:19719: checking for ctype.h
configure:19726: result: yes
configure:19603: checking iostream usability
configure:19615: g++ -c -g -O2  conftest.cc >&5
configure:19621: $? = 0
configure:19625: test -z 
			 || test ! -s conftest.err
configure:19628: $? = 0
configure:19631: test -s conftest.o
configure:19634: $? = 0
configure:19644: result: yes
configure:19648: checking iostream presence
configure:19658: g++ -E  conftest.cc
configure:19664: $? = 0
configure:19684: result: yes
configure:19719: checking for iostream
configure:19726: result: yes
configure:19603: checking fstream usability
configure:19615: g++ -c -g -O2  conftest.cc >&5
configure:19621: $? = 0
configure:19625: test -z 
			 || test ! -s conftest.err
configure:19628: $? = 0
configure:19631: test -s conftest.o
configure:19634: $? = 0
configure:19644: result: yes
configure:19648: checking fstream presence
configure:19658: g++ -E  conftest.cc
configure:19664: $? = 0
configure:19684: result: yes
configure:19719: checking for fstream
configure:19726: result: yes
configure:19603: checking sstream usability
configure:19615: g++ -c -g -O2  conftest.cc >&5
configure:19621: $? = 0
configure:19625: test -z 
			 || test ! -s conftest.err
configure:19628: $? = 0
configure:19631: test -s conftest.o
configure:19634: $? = 0
configure:19644: result: yes
configure:19648: checking sstream presence
configure:19658: g++ -E  conftest.cc
configure:19664: $? = 0
configure:19684: result: yes
configure:19719: checking for sstream
configure:19726: result: yes
configure:19603: checking strstream usability
configure:19615: g++ -c -g -O2  conftest.cc >&5
In file included from c:/mingw/include/c++/3.2.3/backward/strstream:51,
                 from conftest.cc:74:
c:/mingw/include/c++/3.2.3/backward/backward_warning.h:32:2: warning: #warning This file includes at least one deprecated or antiquated header. Please consider using one of the 32 headers found in section 17.4.1.2 of the C++ standard. Examples include substituting the <X> header for the <X.h> header for C++ includes, or <sstream> instead of the deprecated header <strstream.h>. To disable this warning use -Wno-deprecated.
configure:19621: $? = 0
configure:19625: test -z 
			 || test ! -s conftest.err
configure:19628: $? = 0
configure:19631: test -s conftest.o
configure:19634: $? = 0
configure:19644: result: yes
configure:19648: checking strstream presence
configure:19658: g++ -E  conftest.cc
In file included from c:/mingw/include/c++/3.2.3/backward/strstream:51,
                 from conftest.cc:40:
c:/mingw/include/c++/3.2.3/backward/backward_warning.h:32:2: warning: #warning This file includes at least one deprecated or antiquated header. Please consider using one of the 32 headers found in section 17.4.1.2 of the C++ standard. Examples include substituting the <X> header for the <X.h> header for C++ includes, or <sstream> instead of the deprecated header <strstream.h>. To disable this warning use -Wno-deprecated.
configure:19664: $? = 0
configure:19684: result: yes
configure:19719: checking for strstream
configure:19726: result: yes
configure:19739: checking whether time.h and sys/time.h may both be included
configure:19764: g++ -c -g -O2  conftest.cc >&5
configure:19770: $? = 0
configure:19774: test -z 
			 || test ! -s conftest.err
configure:19777: $? = 0
configure:19780: test -s conftest.o
configure:19783: $? = 0
configure:19794: result: yes
configure:19805: checking for clock_t
configure:19829: g++ -c -g -O2  conftest.cc >&5
conftest.cc: In function `int main()':
conftest.cc:79: `clock_t' undeclared (first use this function)
conftest.cc:79: (Each undeclared identifier is reported only once for each 
   function it appears in.)
conftest.cc:79: parse error before `)' token
configure:19835: $? = 1
configure: failed program was:
| /* confdefs.h.  */
| 
| #define PACKAGE_NAME "OpenBabel"
| #define PACKAGE_TARNAME "openbabel"
| #define PACKAGE_VERSION "1.100.2"
| #define PACKAGE_STRING "OpenBabel 1.100.2"
| #define PACKAGE_BUGREPORT "openbabel-discuss@lists.sourceforge.net"
| #define BABEL_VERSION "1.100.2"
| #define BABEL_DATADIR "/d/winlibghemical/share/openbabel"
| #ifdef __cplusplus
| extern "C" void std::exit (int) throw (); using std::exit;
| #endif
| #define STDC_HEADERS 1
| #define HAVE_SYS_TYPES_H 1
| #define HAVE_SYS_STAT_H 1
| #define HAVE_STDLIB_H 1
| #define HAVE_STRING_H 1
| #define HAVE_MEMORY_H 1
| #define HAVE_STRINGS_H 1
| #define HAVE_INTTYPES_H 1
| #define HAVE_STDINT_H 1
| #define HAVE_UNISTD_H 1
| #define HAVE_LIBM 1
| #define HAVE_SYS_TIME_H 1
| #define HAVE_UNISTD_H 1
| #define HAVE_STDLIB_H 1
| #define HAVE_STDIO_H 1
| #define HAVE_CONIO_H 1
| #define HAVE_STRING_H 1
| #define HAVE_STRSTREAM_H 1
| #define HAVE_IOSTREAM_H 1
| #define HAVE_FSTREAM_H 1
| #define HAVE_MATH_H 1
| #define HAVE_TIME_H 1
| #define HAVE_CTYPE_H 1
| #define HAVE_IOSTREAM 1
| #define HAVE_FSTREAM 1
| #define HAVE_SSTREAM 1
| #define HAVE_STRSTREAM 1
| #define TIME_WITH_SYS_TIME 1
| /* end confdefs.h.  */
| #include <stdio.h>
| #if HAVE_SYS_TYPES_H
| # include <sys/types.h>
| #endif
| #if HAVE_SYS_STAT_H
| # include <sys/stat.h>
| #endif
| #if STDC_HEADERS
| # include <stdlib.h>
| # include <stddef.h>
| #else
| # if HAVE_STDLIB_H
| #  include <stdlib.h>
| # endif
| #endif
| #if HAVE_STRING_H
| # if !STDC_HEADERS && HAVE_MEMORY_H
| #  include <memory.h>
| # endif
| # include <string.h>
| #endif
| #if HAVE_STRINGS_H
| # include <strings.h>
| #endif
| #if HAVE_INTTYPES_H
| # include <inttypes.h>
| #else
| # if HAVE_STDINT_H
| #  include <stdint.h>
| # endif
| #endif
| #if HAVE_UNISTD_H
| # include <unistd.h>
| #endif
| int
| main ()
| {
| if ((clock_t *) 0)
|   return 0;
| if (sizeof (clock_t))
|   return 0;
|   ;
|   return 0;
| }
configure:19859: result: no
configure:19870: checking for an ANSI C-conforming const
configure:19937: g++ -c -g -O2  conftest.cc >&5
configure:19943: $? = 0
configure:19947: test -z 
			 || test ! -s conftest.err
configure:19950: $? = 0
configure:19953: test -s conftest.o
configure:19956: $? = 0
configure:19967: result: yes
configure:19977: checking for inline
configure:19998: g++ -c -g -O2  conftest.cc >&5
configure:20004: $? = 0
configure:20008: test -z 
			 || test ! -s conftest.err
configure:20011: $? = 0
configure:20014: test -s conftest.o
configure:20017: $? = 0
configure:20029: result: inline
configure:20053: checking for rint
configure:20110: g++ -o conftest.exe -g -O2   conftest.cc -lm  >&5
configure:20116: $? = 0
configure:20120: test -z 
			 || test ! -s conftest.err
configure:20123: $? = 0
configure:20126: test -s conftest.exe
configure:20129: $? = 0
configure:20141: result: yes
configure:20156: checking for snprintf
configure:20213: g++ -o conftest.exe -g -O2   conftest.cc -lm  >&5
configure:20219: $? = 0
configure:20223: test -z 
			 || test ! -s conftest.err
configure:20226: $? = 0
configure:20229: test -s conftest.exe
configure:20232: $? = 0
configure:20244: result: yes
configure:20156: checking for strncasecmp
configure:20213: g++ -o conftest.exe -g -O2   conftest.cc -lm  >&5
configure:20219: $? = 0
configure:20223: test -z 
			 || test ! -s conftest.err
configure:20226: $? = 0
configure:20229: test -s conftest.exe
configure:20232: $? = 0
configure:20244: result: yes
configure:20389: creating ./config.status

## ---------------------- ##
## Running config.status. ##
## ---------------------- ##

This file was extended by OpenBabel config.status 1.100.2, which was
generated by GNU Autoconf 2.59.  Invocation command line was

  CONFIG_FILES    = 
  CONFIG_HEADERS  = 
  CONFIG_LINKS    = 
  CONFIG_COMMANDS = 
  $ ./config.status 

on daju

config.status:724: creating Makefile
config.status:724: creating src/Makefile
config.status:724: creating src/math/Makefile
config.status:724: creating src/windows/Makefile
config.status:724: creating test/Makefile
config.status:724: creating test/cmltest/Makefile
config.status:724: creating tools/Makefile
config.status:724: creating doc/Makefile
config.status:724: creating openbabel.pc
config.status:828: creating src/babelconfig.h
config.status:985: src/babelconfig.h is unchanged
config.status:1165: executing depfiles commands

## ---------------- ##
## Cache variables. ##
## ---------------- ##

ac_cv_build=i686-pc-mingw32
ac_cv_build_alias=i686-pc-mingw32
ac_cv_c_compiler_gnu=yes
ac_cv_c_const=yes
ac_cv_c_inline=inline
ac_cv_cxx_compiler_gnu=yes
ac_cv_env_CC_set=
ac_cv_env_CC_value=
ac_cv_env_CFLAGS_set=
ac_cv_env_CFLAGS_value=
ac_cv_env_CPPFLAGS_set=
ac_cv_env_CPPFLAGS_value=
ac_cv_env_CPP_set=
ac_cv_env_CPP_value=
ac_cv_env_CXXCPP_set=
ac_cv_env_CXXCPP_value=
ac_cv_env_CXXFLAGS_set=
ac_cv_env_CXXFLAGS_value=
ac_cv_env_CXX_set=
ac_cv_env_CXX_value=
ac_cv_env_F77_set=
ac_cv_env_F77_value=
ac_cv_env_FFLAGS_set=
ac_cv_env_FFLAGS_value=
ac_cv_env_LDFLAGS_set=
ac_cv_env_LDFLAGS_value=
ac_cv_env_build_alias_set=
ac_cv_env_build_alias_value=
ac_cv_env_host_alias_set=
ac_cv_env_host_alias_value=
ac_cv_env_target_alias_set=
ac_cv_env_target_alias_value=
ac_cv_exeext=.exe
ac_cv_f77_compiler_gnu=yes
ac_cv_func_rint=yes
ac_cv_func_snprintf=yes
ac_cv_func_strncasecmp=yes
ac_cv_header_conio_h=yes
ac_cv_header_ctype_h=yes
ac_cv_header_dlfcn_h=no
ac_cv_header_fstream=yes
ac_cv_header_fstream_h=yes
ac_cv_header_inttypes_h=yes
ac_cv_header_iostream=yes
ac_cv_header_iostream_h=yes
ac_cv_header_math_h=yes
ac_cv_header_memory_h=yes
ac_cv_header_sstream=yes
ac_cv_header_stdc=yes
ac_cv_header_stdint_h=yes
ac_cv_header_stdio_h=yes
ac_cv_header_stdlib_h=yes
ac_cv_header_string_h=yes
ac_cv_header_strings_h=yes
ac_cv_header_strstream=yes
ac_cv_header_strstream_h=yes
ac_cv_header_sys_stat_h=yes
ac_cv_header_sys_time_h=yes
ac_cv_header_sys_types_h=yes
ac_cv_header_time=yes
ac_cv_header_time_h=yes
ac_cv_header_unistd_h=yes
ac_cv_host=i686-pc-mingw32
ac_cv_host_alias=i686-pc-mingw32
ac_cv_lib_m_asin=yes
ac_cv_objext=o
ac_cv_path_install='/bin/install -c'
ac_cv_prog_AWK=gawk
ac_cv_prog_CPP='gcc -E'
ac_cv_prog_CXXCPP='g++ -E'
ac_cv_prog_ac_ct_AR=ar
ac_cv_prog_ac_ct_CC=gcc
ac_cv_prog_ac_ct_CXX=g++
ac_cv_prog_ac_ct_F77=g77
ac_cv_prog_ac_ct_RANLIB=ranlib
ac_cv_prog_ac_ct_STRIP=strip
ac_cv_prog_cc_g=yes
ac_cv_prog_cc_stdc=
ac_cv_prog_cxx_g=yes
ac_cv_prog_egrep='grep -E'
ac_cv_prog_f77_g=yes
ac_cv_prog_make_make_set=yes
ac_cv_type_clock_t=no
am_cv_CC_dependencies_compiler_type=gcc3
am_cv_CXX_dependencies_compiler_type=gcc3
lt_cv_deplibs_check_method='file_magic file format pei*-i386(.*architecture: i386)?'
lt_cv_file_magic_cmd='$OBJDUMP -f'
lt_cv_file_magic_test_file=
lt_cv_ld_reload_flag=-r
lt_cv_objdir=.libs
lt_cv_path_LD=c:/mingw/mingw32/bin/ld.exe
lt_cv_path_LDCXX=c:/mingw/mingw32/bin/ld.exe
lt_cv_path_NM=/mingw/bin/nm
lt_cv_path_SED=/bin/sed
lt_cv_prog_compiler_c_o=yes
lt_cv_prog_compiler_c_o_CXX=yes
lt_cv_prog_compiler_c_o_F77=yes
lt_cv_prog_compiler_rtti_exceptions=yes
lt_cv_prog_gnu_ld=yes
lt_cv_prog_gnu_ldcxx=yes
lt_cv_sys_global_symbol_pipe='sed -n -e '\''s/^.*[ 	]\([ABCDGIRSTW][ABCDGIRSTW]*\)[ 	][ 	]*\(_\)\([_A-Za-z][_A-Za-z0-9]*\)\{0,1\}$/\1 \2\3 \3/p'\'''
lt_cv_sys_global_symbol_to_c_name_address='sed -n -e '\''s/^: \([^ ]*\) $/  {\"\1\", (lt_ptr) 0},/p'\'' -e '\''s/^[BCDEGRST] \([^ ]*\) \([^ ]*\)$/  {"\2", (lt_ptr) \&\2},/p'\'''
lt_cv_sys_global_symbol_to_cdecl='sed -n -e '\''s/^. .* \(.*\)$/extern int \1;/p'\'''
lt_cv_sys_max_cmd_len=8192
lt_lt_cv_prog_compiler_c_o='"yes"'
lt_lt_cv_prog_compiler_c_o_CXX='"yes"'
lt_lt_cv_prog_compiler_c_o_F77='"yes"'
lt_lt_cv_sys_global_symbol_pipe='"sed -n -e '\''s/^.*[ 	]\\([ABCDGIRSTW][ABCDGIRSTW]*\\)[ 	][ 	]*\\(_\\)\\([_A-Za-z][_A-Za-z0-9]*\\)\\{0,1\\}\$/\\1 \\2\\3 \\3/p'\''"'
lt_lt_cv_sys_global_symbol_to_c_name_address='"sed -n -e '\''s/^: \\([^ ]*\\) \$/  {\\\"\\1\\\", (lt_ptr) 0},/p'\'' -e '\''s/^[BCDEGRST] \\([^ ]*\\) \\([^ ]*\\)\$/  {\"\\2\", (lt_ptr) \\&\\2},/p'\''"'
lt_lt_cv_sys_global_symbol_to_cdecl='"sed -n -e '\''s/^. .* \\(.*\\)\$/extern int \\1;/p'\''"'

## ----------------- ##
## Output variables. ##
## ----------------- ##

ACLOCAL='${SHELL} /d/winlibghemical/winopenbabel-1.100.2/missing --run aclocal-1.8'
AMDEPBACKSLASH='\'
AMDEP_FALSE='#'
AMDEP_TRUE=''
AMTAR='${SHELL} /d/winlibghemical/winopenbabel-1.100.2/missing --run tar'
AR='ar'
AUTOCONF='${SHELL} /d/winlibghemical/winopenbabel-1.100.2/missing --run autoconf'
AUTOHEADER='${SHELL} /d/winlibghemical/winopenbabel-1.100.2/missing --run autoheader'
AUTOMAKE='${SHELL} /d/winlibghemical/winopenbabel-1.100.2/missing --run automake-1.8'
AWK='gawk'
CC='gcc'
CCDEPMODE='depmode=gcc3'
CFLAGS='-g -O2'
CPP='gcc -E'
CPPFLAGS=''
CXX='g++'
CXXCPP='g++ -E'
CXXDEPMODE='depmode=gcc3'
CXXFLAGS='-g -O2'
CYGPATH_W='echo'
DEFS='-DHAVE_CONFIG_H'
DEPDIR='.deps'
DOCTOOL=''
ECHO='echo'
ECHO_C=''
ECHO_N='-n'
ECHO_T=''
EGREP='grep -E'
EXEEXT='.exe'
F77='g77'
FFLAGS='-g -O2'
INSTALL_DATA='${INSTALL} -m 644'
INSTALL_PROGRAM='${INSTALL}'
INSTALL_SCRIPT='${INSTALL}'
INSTALL_STRIP_PROGRAM='${SHELL} $(install_sh) -c -s'
LDFLAGS=''
LIBOBJS=''
LIBS='-lm '
LIBTOOL='$(SHELL) $(top_builddir)/libtool'
LN_S='ln -s'
LTLIBOBJS=''
MAINT='#'
MAINTAINER_MODE_FALSE=''
MAINTAINER_MODE_TRUE='#'
MAKEINFO='${SHELL} /d/winlibghemical/winopenbabel-1.100.2/missing --run makeinfo'
OBJEXT='o'
PACKAGE='openbabel'
PACKAGE_BUGREPORT='openbabel-discuss@lists.sourceforge.net'
PACKAGE_NAME='OpenBabel'
PACKAGE_STRING='OpenBabel 1.100.2'
PACKAGE_TARNAME='openbabel'
PACKAGE_VERSION='1.100.2'
PATH_SEPARATOR=':'
RANLIB='ranlib'
SET_MAKE=''
SHELL='/bin/sh'
STRIP='strip'
VERSION='1.100.2'
ac_ct_AR='ar'
ac_ct_CC='gcc'
ac_ct_CXX='g++'
ac_ct_F77='g77'
ac_ct_RANLIB='ranlib'
ac_ct_STRIP='strip'
am__fastdepCC_FALSE='#'
am__fastdepCC_TRUE=''
am__fastdepCXX_FALSE='#'
am__fastdepCXX_TRUE=''
am__include='include'
am__leading_dot='.'
am__quote=''
bindir='${exec_prefix}/bin'
build='i686-pc-mingw32'
build_alias=''
build_cpu='i686'
build_os='mingw32'
build_vendor='pc'
datadir='${prefix}/share'
exec_prefix='${prefix}'
host='i686-pc-mingw32'
host_alias=''
host_cpu='i686'
host_os='mingw32'
host_vendor='pc'
includedir='${prefix}/include'
infodir='${prefix}/info'
install_sh='/d/winlibghemical/winopenbabel-1.100.2/install-sh'
libdir='${exec_prefix}/lib'
libexecdir='${exec_prefix}/libexec'
localstatedir='${prefix}/var'
mandir='${prefix}/man'
mkdir_p='mkdir -p -- .'
oldincludedir='/usr/include'
prefix='/d/winlibghemical'
program_transform_name='s,x,x,'
sbindir='${exec_prefix}/sbin'
sharedstatedir='${prefix}/com'
sysconfdir='${prefix}/etc'
target_alias=''

## ----------- ##
## confdefs.h. ##
## ----------- ##

#define BABEL_DATADIR "/d/winlibghemical/share/openbabel"
#define BABEL_VERSION "1.100.2"
#define HAVE_CONIO_H 1
#define HAVE_CTYPE_H 1
#define HAVE_FSTREAM 1
#define HAVE_FSTREAM_H 1
#define HAVE_INTTYPES_H 1
#define HAVE_IOSTREAM 1
#define HAVE_IOSTREAM_H 1
#define HAVE_LIBM 1
#define HAVE_MATH_H 1
#define HAVE_MEMORY_H 1
#define HAVE_RINT 1
#define HAVE_SNPRINTF 1
#define HAVE_SSTREAM 1
#define HAVE_STDINT_H 1
#define HAVE_STDIO_H 1
#define HAVE_STDLIB_H 1
#define HAVE_STDLIB_H 1
#define HAVE_STRINGS_H 1
#define HAVE_STRING_H 1
#define HAVE_STRING_H 1
#define HAVE_STRNCASECMP 1
#define HAVE_STRSTREAM 1
#define HAVE_STRSTREAM_H 1
#define HAVE_SYS_STAT_H 1
#define HAVE_SYS_TIME_H 1
#define HAVE_SYS_TYPES_H 1
#define HAVE_TIME_H 1
#define HAVE_UNISTD_H 1
#define HAVE_UNISTD_H 1
#define PACKAGE_BUGREPORT "openbabel-discuss@lists.sourceforge.net"
#define PACKAGE_NAME "OpenBabel"
#define PACKAGE_STRING "OpenBabel 1.100.2"
#define PACKAGE_TARNAME "openbabel"
#define PACKAGE_VERSION "1.100.2"
#define STDC_HEADERS 1
#define TIME_WITH_SYS_TIME 1
#endif
#ifdef __cplusplus
extern "C" void std::exit (int) throw (); using std::exit;

configure: exit 0
