This file contains any messages produced by compilers while
running configure, to aid debugging if configure makes a mistake.

It was created by mopac7 configure 1.00, which was
generated by GNU Autoconf 2.59.  Invocation command line was

  $ ./configure 

## --------- ##
## Platform. ##
## --------- ##

hostname = mela85
uname -m = i686
uname -r = 2.4.31
uname -s = Linux
uname -v = #1 SMP Tue Jun 28 10:20:42 EEST 2005

/usr/bin/uname -p = unknown
/bin/uname -X     = unknown

/bin/arch              = i686
/usr/bin/arch -k       = unknown
/usr/convex/getsysinfo = unknown
hostinfo               = unknown
/bin/machine           = unknown
/usr/bin/oslevel       = unknown
/bin/universe          = unknown

PATH: /usr/local/bin
PATH: /usr/bin
PATH: /bin
PATH: /usr/bin/X11
PATH: /usr/games


## ----------- ##
## Core tests. ##
## ----------- ##

configure:1557: checking for a BSD-compatible install
configure:1612: result: /usr/bin/install -c
configure:1623: checking whether build environment is sane
configure:1666: result: yes
configure:1681: checking whether make sets $(MAKE)
configure:1701: result: yes
configure:1733: checking for working aclocal-1.4
configure:1740: result: found
configure:1748: checking for working autoconf
configure:1755: result: found
configure:1763: checking for working automake-1.4
configure:1770: result: found
configure:1778: checking for working autoheader
configure:1785: result: found
configure:1793: checking for working makeinfo
configure:1800: result: found
configure:1816: checking build system type
configure:1834: result: i686-pc-linux-gnu
configure:1842: checking host system type
configure:1856: result: i686-pc-linux-gnu
configure:1920: checking for gcc
configure:1936: found /usr/bin/gcc
configure:1946: result: gcc
configure:2190: checking for C compiler version
configure:2193: gcc --version </dev/null >&5
gcc (GCC) 3.3.5 (Debian 1:3.3.5-13)
Copyright (C) 2003 Free Software Foundation, Inc.
This is free software; see the source for copying conditions.  There is NO
warranty; not even for MERCHANTABILITY or FITNESS FOR A PARTICULAR PURPOSE.

configure:2196: $? = 0
configure:2198: gcc -v </dev/null >&5
Reading specs from /usr/lib/gcc-lib/i486-linux/3.3.5/specs
Configured with: ../src/configure -v --enable-languages=c,c++,java,f77,pascal,objc,ada,treelang --prefix=/usr --mandir=/usr/share/man --infodir=/usr/share/info --with-gxx-include-dir=/usr/include/c++/3.3 --enable-shared --enable-__cxa_atexit --with-system-zlib --enable-nls --without-included-gettext --enable-clocale=gnu --enable-debug --enable-java-gc=boehm --enable-java-awt=xlib --enable-objc-gc i486-linux
Thread model: posix
gcc version 3.3.5 (Debian 1:3.3.5-13)
configure:2201: $? = 0
configure:2203: gcc -V </dev/null >&5
gcc: `-V' option must have argument
configure:2206: $? = 1
configure:2229: checking for C compiler default output file name
configure:2232: gcc    conftest.c  >&5
configure:2235: $? = 0
configure:2281: result: a.out
configure:2286: checking whether the C compiler works
configure:2292: ./a.out
configure:2295: $? = 0
configure:2312: result: yes
configure:2319: checking whether we are cross compiling
configure:2321: result: no
configure:2324: checking for suffix of executables
configure:2326: gcc -o conftest    conftest.c  >&5
configure:2329: $? = 0
configure:2354: result: 
configure:2360: checking for suffix of object files
configure:2381: gcc -c   conftest.c >&5
configure:2384: $? = 0
configure:2406: result: o
configure:2410: checking whether we are using the GNU C compiler
configure:2434: gcc -c   conftest.c >&5
configure:2440: $? = 0
configure:2443: test -z 			 || test ! -s conftest.err
configure:2446: $? = 0
configure:2449: test -s conftest.o
configure:2452: $? = 0
configure:2465: result: yes
configure:2471: checking whether gcc accepts -g
configure:2492: gcc -c -g  conftest.c >&5
configure:2498: $? = 0
configure:2501: test -z 			 || test ! -s conftest.err
configure:2504: $? = 0
configure:2507: test -s conftest.o
configure:2510: $? = 0
configure:2521: result: yes
configure:2538: checking for gcc option to accept ANSI C
configure:2608: gcc  -c -g -O2  conftest.c >&5
configure:2614: $? = 0
configure:2617: test -z 			 || test ! -s conftest.err
configure:2620: $? = 0
configure:2623: test -s conftest.o
configure:2626: $? = 0
configure:2644: result: none needed
configure:2662: gcc -c -g -O2  conftest.c >&5
conftest.c:2: error: syntax error before "me"
configure:2668: $? = 1
configure: failed program was:
| #ifndef __cplusplus
|   choke me
| #endif
configure:2811: checking for a BSD-compatible install
configure:2866: result: /usr/bin/install -c
configure:2880: checking for ar
configure:2898: found /usr/bin/ar
configure:2911: result: /usr/bin/ar
configure:2920: checking for sh
configure:2951: result: /bin/sh
configure:3030: checking for a sed that does not truncate output
configure:3084: result: /bin/sed
configure:3087: checking for egrep
configure:3097: result: grep -E
configure:3113: checking for ld used by gcc
configure:3180: result: /usr/bin/ld
configure:3189: checking if the linker (/usr/bin/ld) is GNU ld
configure:3204: result: yes
configure:3209: checking for /usr/bin/ld option to reload object files
configure:3216: result: -r
configure:3225: checking for BSD-compatible nm
configure:3267: result: /usr/bin/nm -B
configure:3271: checking whether ln -s works
configure:3275: result: yes
configure:3282: checking how to recognise dependent libraries
configure:3456: result: pass_all
configure:3669: checking how to run the C preprocessor
configure:3704: gcc -E  conftest.c
configure:3710: $? = 0
configure:3742: gcc -E  conftest.c
conftest.c:12:28: ac_nonexistent.h: No such file or directory
configure:3748: $? = 1
configure: failed program was:
| /* confdefs.h.  */
| 
| #define PACKAGE_NAME "mopac7"
| #define PACKAGE_TARNAME "mopac7"
| #define PACKAGE_VERSION "1.00"
| #define PACKAGE_STRING "mopac7 1.00"
| #define PACKAGE_BUGREPORT ""
| #define VERSION "1.00"
| #define PACKAGE "mopac7"
| #define VERSION "1.00"
| /* end confdefs.h.  */
| #include <ac_nonexistent.h>
configure:3787: result: gcc -E
configure:3811: gcc -E  conftest.c
configure:3817: $? = 0
configure:3849: gcc -E  conftest.c
conftest.c:12:28: ac_nonexistent.h: No such file or directory
configure:3855: $? = 1
configure: failed program was:
| /* confdefs.h.  */
| 
| #define PACKAGE_NAME "mopac7"
| #define PACKAGE_TARNAME "mopac7"
| #define PACKAGE_VERSION "1.00"
| #define PACKAGE_STRING "mopac7 1.00"
| #define PACKAGE_BUGREPORT ""
| #define VERSION "1.00"
| #define PACKAGE "mopac7"
| #define VERSION "1.00"
| /* end confdefs.h.  */
| #include <ac_nonexistent.h>
configure:3899: checking for ANSI C header files
configure:3924: gcc -c -g -O2  conftest.c >&5
configure:3930: $? = 0
configure:3933: test -z 			 || test ! -s conftest.err
configure:3936: $? = 0
configure:3939: test -s conftest.o
configure:3942: $? = 0
configure:4028: gcc -o conftest -g -O2   conftest.c  >&5
configure:4031: $? = 0
configure:4033: ./conftest
configure:4036: $? = 0
configure:4051: result: yes
configure:4075: checking for sys/types.h
configure:4091: gcc -c -g -O2  conftest.c >&5
configure:4097: $? = 0
configure:4100: test -z 			 || test ! -s conftest.err
configure:4103: $? = 0
configure:4106: test -s conftest.o
configure:4109: $? = 0
configure:4120: result: yes
configure:4075: checking for sys/stat.h
configure:4091: gcc -c -g -O2  conftest.c >&5
configure:4097: $? = 0
configure:4100: test -z 			 || test ! -s conftest.err
configure:4103: $? = 0
configure:4106: test -s conftest.o
configure:4109: $? = 0
configure:4120: result: yes
configure:4075: checking for stdlib.h
configure:4091: gcc -c -g -O2  conftest.c >&5
configure:4097: $? = 0
configure:4100: test -z 			 || test ! -s conftest.err
configure:4103: $? = 0
configure:4106: test -s conftest.o
configure:4109: $? = 0
configure:4120: result: yes
configure:4075: checking for string.h
configure:4091: gcc -c -g -O2  conftest.c >&5
configure:4097: $? = 0
configure:4100: test -z 			 || test ! -s conftest.err
configure:4103: $? = 0
configure:4106: test -s conftest.o
configure:4109: $? = 0
configure:4120: result: yes
configure:4075: checking for memory.h
configure:4091: gcc -c -g -O2  conftest.c >&5
configure:4097: $? = 0
configure:4100: test -z 			 || test ! -s conftest.err
configure:4103: $? = 0
configure:4106: test -s conftest.o
configure:4109: $? = 0
configure:4120: result: yes
configure:4075: checking for strings.h
configure:4091: gcc -c -g -O2  conftest.c >&5
configure:4097: $? = 0
configure:4100: test -z 			 || test ! -s conftest.err
configure:4103: $? = 0
configure:4106: test -s conftest.o
configure:4109: $? = 0
configure:4120: result: yes
configure:4075: checking for inttypes.h
configure:4091: gcc -c -g -O2  conftest.c >&5
configure:4097: $? = 0
configure:4100: test -z 			 || test ! -s conftest.err
configure:4103: $? = 0
configure:4106: test -s conftest.o
configure:4109: $? = 0
configure:4120: result: yes
configure:4075: checking for stdint.h
configure:4091: gcc -c -g -O2  conftest.c >&5
configure:4097: $? = 0
configure:4100: test -z 			 || test ! -s conftest.err
configure:4103: $? = 0
configure:4106: test -s conftest.o
configure:4109: $? = 0
configure:4120: result: yes
configure:4075: checking for unistd.h
configure:4091: gcc -c -g -O2  conftest.c >&5
configure:4097: $? = 0
configure:4100: test -z 			 || test ! -s conftest.err
configure:4103: $? = 0
configure:4106: test -s conftest.o
configure:4109: $? = 0
configure:4120: result: yes
configure:4146: checking dlfcn.h usability
configure:4158: gcc -c -g -O2  conftest.c >&5
configure:4164: $? = 0
configure:4167: test -z 			 || test ! -s conftest.err
configure:4170: $? = 0
configure:4173: test -s conftest.o
configure:4176: $? = 0
configure:4186: result: yes
configure:4190: checking dlfcn.h presence
configure:4200: gcc -E  conftest.c
configure:4206: $? = 0
configure:4226: result: yes
configure:4261: checking for dlfcn.h
configure:4268: result: yes
configure:4333: checking for g++
configure:4349: found /usr/bin/g++
configure:4359: result: g++
configure:4375: checking for C++ compiler version
configure:4378: g++ --version </dev/null >&5
g++ (GCC) 3.3.5 (Debian 1:3.3.5-13)
Copyright (C) 2003 Free Software Foundation, Inc.
This is free software; see the source for copying conditions.  There is NO
warranty; not even for MERCHANTABILITY or FITNESS FOR A PARTICULAR PURPOSE.

configure:4381: $? = 0
configure:4383: g++ -v </dev/null >&5
Reading specs from /usr/lib/gcc-lib/i486-linux/3.3.5/specs
Configured with: ../src/configure -v --enable-languages=c,c++,java,f77,pascal,objc,ada,treelang --prefix=/usr --mandir=/usr/share/man --infodir=/usr/share/info --with-gxx-include-dir=/usr/include/c++/3.3 --enable-shared --enable-__cxa_atexit --with-system-zlib --enable-nls --without-included-gettext --enable-clocale=gnu --enable-debug --enable-java-gc=boehm --enable-java-awt=xlib --enable-objc-gc i486-linux
Thread model: posix
gcc version 3.3.5 (Debian 1:3.3.5-13)
configure:4386: $? = 0
configure:4388: g++ -V </dev/null >&5
g++: `-V' option must have argument
configure:4391: $? = 1
configure:4394: checking whether we are using the GNU C++ compiler
configure:4418: g++ -c   conftest.cc >&5
configure:4424: $? = 0
configure:4427: test -z 			 || test ! -s conftest.err
configure:4430: $? = 0
configure:4433: test -s conftest.o
configure:4436: $? = 0
configure:4449: result: yes
configure:4455: checking whether g++ accepts -g
configure:4476: g++ -c -g  conftest.cc >&5
configure:4482: $? = 0
configure:4485: test -z 			 || test ! -s conftest.err
configure:4488: $? = 0
configure:4491: test -s conftest.o
configure:4494: $? = 0
configure:4505: result: yes
configure:4547: g++ -c -g -O2  conftest.cc >&5
configure:4553: $? = 0
configure:4556: test -z 			 || test ! -s conftest.err
configure:4559: $? = 0
configure:4562: test -s conftest.o
configure:4565: $? = 0
configure:4591: g++ -c -g -O2  conftest.cc >&5
conftest.cc: In function `int main()':
conftest.cc:27: error: `exit' undeclared (first use this function)
conftest.cc:27: error: (Each undeclared identifier is reported only once for 
   each function it appears in.)
configure:4597: $? = 1
configure: failed program was:
| /* confdefs.h.  */
| 
| #define PACKAGE_NAME "mopac7"
| #define PACKAGE_TARNAME "mopac7"
| #define PACKAGE_VERSION "1.00"
| #define PACKAGE_STRING "mopac7 1.00"
| #define PACKAGE_BUGREPORT ""
| #define VERSION "1.00"
| #define PACKAGE "mopac7"
| #define VERSION "1.00"
| #define STDC_HEADERS 1
| #define HAVE_SYS_TYPES_H 1
| #define HAVE_SYS_STAT_H 1
| #define HAVE_STDLIB_H 1
| #define HAVE_STRING_H 1
| #define HAVE_MEMORY_H 1
| #define HAVE_STRINGS_H 1
| #define HAVE_INTTYPES_H 1
| #define HAVE_STDINT_H 1
| #define HAVE_UNISTD_H 1
| #define HAVE_DLFCN_H 1
| /* end confdefs.h.  */
| 
| int
| main ()
| {
| exit (42);
|   ;
|   return 0;
| }
configure:4547: g++ -c -g -O2  conftest.cc >&5
configure:4553: $? = 0
configure:4556: test -z 			 || test ! -s conftest.err
configure:4559: $? = 0
configure:4562: test -s conftest.o
configure:4565: $? = 0
configure:4591: g++ -c -g -O2  conftest.cc >&5
configure:4597: $? = 0
configure:4600: test -z 			 || test ! -s conftest.err
configure:4603: $? = 0
configure:4606: test -s conftest.o
configure:4609: $? = 0
configure:4637: checking how to run the C++ preprocessor
configure:4668: g++ -E  conftest.cc
configure:4674: $? = 0
configure:4706: g++ -E  conftest.cc
conftest.cc:26:28: ac_nonexistent.h: No such file or directory
configure:4712: $? = 1
configure: failed program was:
| /* confdefs.h.  */
| 
| #define PACKAGE_NAME "mopac7"
| #define PACKAGE_TARNAME "mopac7"
| #define PACKAGE_VERSION "1.00"
| #define PACKAGE_STRING "mopac7 1.00"
| #define PACKAGE_BUGREPORT ""
| #define VERSION "1.00"
| #define PACKAGE "mopac7"
| #define VERSION "1.00"
| #define STDC_HEADERS 1
| #define HAVE_SYS_TYPES_H 1
| #define HAVE_SYS_STAT_H 1
| #define HAVE_STDLIB_H 1
| #define HAVE_STRING_H 1
| #define HAVE_MEMORY_H 1
| #define HAVE_STRINGS_H 1
| #define HAVE_INTTYPES_H 1
| #define HAVE_STDINT_H 1
| #define HAVE_UNISTD_H 1
| #define HAVE_DLFCN_H 1
| #ifdef __cplusplus
| extern "C" void std::exit (int) throw (); using std::exit;
| #endif
| /* end confdefs.h.  */
| #include <ac_nonexistent.h>
configure:4751: result: g++ -E
configure:4775: g++ -E  conftest.cc
configure:4781: $? = 0
configure:4813: g++ -E  conftest.cc
conftest.cc:26:28: ac_nonexistent.h: No such file or directory
configure:4819: $? = 1
configure: failed program was:
| /* confdefs.h.  */
| 
| #define PACKAGE_NAME "mopac7"
| #define PACKAGE_TARNAME "mopac7"
| #define PACKAGE_VERSION "1.00"
| #define PACKAGE_STRING "mopac7 1.00"
| #define PACKAGE_BUGREPORT ""
| #define VERSION "1.00"
| #define PACKAGE "mopac7"
| #define VERSION "1.00"
| #define STDC_HEADERS 1
| #define HAVE_SYS_TYPES_H 1
| #define HAVE_SYS_STAT_H 1
| #define HAVE_STDLIB_H 1
| #define HAVE_STRING_H 1
| #define HAVE_MEMORY_H 1
| #define HAVE_STRINGS_H 1
| #define HAVE_INTTYPES_H 1
| #define HAVE_STDINT_H 1
| #define HAVE_UNISTD_H 1
| #define HAVE_DLFCN_H 1
| #ifdef __cplusplus
| extern "C" void std::exit (int) throw (); using std::exit;
| #endif
| /* end confdefs.h.  */
| #include <ac_nonexistent.h>
configure:4914: checking for g77
configure:4930: found /usr/bin/g77
configure:4940: result: g77
configure:4958: checking for Fortran 77 compiler version
configure:4958: g77 --version </dev/null >&5
GNU Fortran (GCC) 3.3.5 (Debian 1:3.3.5-13)
Copyright (C) 2002 Free Software Foundation, Inc.

GNU Fortran comes with NO WARRANTY, to the extent permitted by law.
You may redistribute copies of GNU Fortran
under the terms of the GNU General Public License.
For more information about these matters, see the file named COPYING
or type the command `info -f g77 Copying'.
configure:4961: $? = 0
configure:4963: g77 -v </dev/null >&5
Reading specs from /usr/lib/gcc-lib/i486-linux/3.3.5/specs
Configured with: ../src/configure -v --enable-languages=c,c++,java,f77,pascal,objc,ada,treelang --prefix=/usr --mandir=/usr/share/man --infodir=/usr/share/info --with-gxx-include-dir=/usr/include/c++/3.3 --enable-shared --enable-__cxa_atexit --with-system-zlib --enable-nls --without-included-gettext --enable-clocale=gnu --enable-debug --enable-java-gc=boehm --enable-java-awt=xlib --enable-objc-gc i486-linux
Thread model: posix
gcc version 3.3.5 (Debian 1:3.3.5-13)
configure:4966: $? = 0
configure:4968: g77 -V </dev/null >&5
g77: `-V' option must have argument
configure:4971: $? = 1
configure:4979: checking whether we are using the GNU Fortran 77 compiler
configure:4993: g77 -c  conftest.F >&5
configure:4999: $? = 0
configure:5002: test -z 			 || test ! -s conftest.err
configure:5005: $? = 0
configure:5008: test -s conftest.o
configure:5011: $? = 0
configure:5024: result: yes
configure:5030: checking whether g77 accepts -g
configure:5042: g77 -c -g conftest.f >&5
configure:5048: $? = 0
configure:5051: test -z 			 || test ! -s conftest.err
configure:5054: $? = 0
configure:5057: test -s conftest.o
configure:5060: $? = 0
configure:5072: result: yes
configure:5102: checking the maximum length of command line arguments
configure:5167: result: 32768
configure:5178: checking command to parse /usr/bin/nm -B output from gcc object
configure:5267: gcc -c -g -O2  conftest.c >&5
configure:5270: $? = 0
configure:5274: /usr/bin/nm -B conftest.o \| sed -n -e 's/^.*[ 	]\([ABCDGIRSTW][ABCDGIRSTW]*\)[ 	][ 	]*\(\)\([_A-Za-z][_A-Za-z0-9]*\)$/\1 \2\3 \3/p' \> conftest.nm
configure:5277: $? = 0
configure:5329: gcc -o conftest -g -O2   conftest.c conftstm.o >&5
configure:5332: $? = 0
configure:5370: result: ok
configure:5374: checking for objdir
configure:5389: result: .libs
configure:5479: checking for ar
configure:5506: result: /usr/bin/ar
configure:5559: checking for ranlib
configure:5575: found /usr/bin/ranlib
configure:5586: result: ranlib
configure:5639: checking for strip
configure:5655: found /usr/bin/strip
configure:5666: result: strip
configure:5928: checking if gcc static flag  works
configure:5951: result: yes
configure:5969: checking if gcc supports -fno-rtti -fno-exceptions
configure:5990: gcc -c -g -O2  -fno-rtti -fno-exceptions conftest.c >&5
cc1: warning: "-fno-rtti" is valid for C++ but not for C/ObjC
configure:5994: $? = 0
configure:6002: result: no
configure:6017: checking for gcc option to produce PIC
configure:6194: result: -fPIC
configure:6202: checking if gcc PIC flag -fPIC works
configure:6223: gcc -c -g -O2  -fPIC -DPIC conftest.c >&5
configure:6227: $? = 0
configure:6235: result: yes
configure:6259: checking if gcc supports -c -o file.o
configure:6283: gcc -c -g -O2  -o out/conftest2.o conftest.c >&5
configure:6287: $? = 0
configure:6304: result: yes
configure:6330: checking whether the gcc linker (/usr/bin/ld) supports shared libraries
configure:7177: result: yes
configure:7203: checking whether -lc should be explicitly linked in
configure:7208: gcc -c -g -O2  conftest.c >&5
configure:7211: $? = 0
configure:7225: gcc -shared conftest.o  -v -Wl,-soname -Wl,conftest -o conftest 2\>\&1 \| grep  -lc  \>/dev/null 2\>\&1
configure:7228: $? = 0
configure:7240: result: no
configure:7248: checking dynamic linker characteristics
configure:7800: result: GNU/Linux ld.so
configure:7804: checking how to hardcode library paths into programs
configure:7829: result: immediate
configure:7843: checking whether stripping libraries is possible
configure:7848: result: yes
configure:8671: checking if libtool supports shared libraries
configure:8673: result: yes
configure:8676: checking whether to build shared libraries
configure:8734: result: yes
configure:8737: checking whether to build static libraries
configure:8741: result: yes
configure:8833: creating libtool
configure:9380: checking for ld used by g++
configure:9447: result: /usr/bin/ld
configure:9456: checking if the linker (/usr/bin/ld) is GNU ld
configure:9471: result: yes
configure:9522: checking whether the g++ linker (/usr/bin/ld) supports shared libraries
configure:10348: result: yes
configure:10366: g++ -c -g -O2  conftest.cc >&5
configure:10369: $? = 0
configure:10465: checking for g++ option to produce PIC
configure:10717: result: -fPIC
configure:10725: checking if g++ PIC flag -fPIC works
configure:10746: g++ -c -g -O2  -fPIC -DPIC conftest.cc >&5
configure:10750: $? = 0
configure:10758: result: yes
configure:10782: checking if g++ supports -c -o file.o
configure:10806: g++ -c -g -O2  -o out/conftest2.o conftest.cc >&5
configure:10810: $? = 0
configure:10827: result: yes
configure:10853: checking whether the g++ linker (/usr/bin/ld) supports shared libraries
configure:10881: result: yes
configure:10952: checking dynamic linker characteristics
configure:11504: result: GNU/Linux ld.so
configure:11508: checking how to hardcode library paths into programs
configure:11533: result: immediate
configure:11547: checking whether stripping libraries is possible
configure:11552: result: yes
configure:12852: checking if libtool supports shared libraries
configure:12854: result: yes
configure:12857: checking whether to build shared libraries
configure:12875: result: yes
configure:12878: checking whether to build static libraries
configure:12882: result: yes
configure:12894: checking for g77 option to produce PIC
configure:13071: result: -fPIC
configure:13079: checking if g77 PIC flag -fPIC works
configure:13100: g77 -c -g -O2 -fPIC conftest.f >&5
configure:13104: $? = 0
configure:13112: result: yes
configure:13136: checking if g77 supports -c -o file.o
configure:13160: g77 -c -g -O2 -o out/conftest2.o conftest.f >&5
configure:13164: $? = 0
configure:13181: result: yes
configure:13207: checking whether the g77 linker (/usr/bin/ld) supports shared libraries
configure:14034: result: yes
configure:14105: checking dynamic linker characteristics
configure:14657: result: GNU/Linux ld.so
configure:14661: checking how to hardcode library paths into programs
configure:14686: result: immediate
configure:14700: checking whether stripping libraries is possible
configure:14705: result: yes
configure:18818: checking for working aclocal-1.4
configure:18825: result: found
configure:18833: checking for working autoconf
configure:18840: result: found
configure:18848: checking for working automake-1.4
configure:18855: result: found
configure:18863: checking for working autoheader
configure:18870: result: found
configure:18878: checking for working makeinfo
configure:18885: result: found
configure:18899: checking for acos in -lm
configure:18929: gcc -o conftest -g -O2   conftest.c -lm   >&5
configure:18935: $? = 0
configure:18938: test -z 			 || test ! -s conftest.err
configure:18941: $? = 0
configure:18944: test -s conftest
configure:18947: $? = 0
configure:18960: result: yes
configure:18976: checking for main in -lf2c
configure:19000: gcc -o conftest -g -O2   conftest.c -lf2c  -lm  >&5
/usr/bin/ld: cannot find -lf2c
collect2: ld returned 1 exit status
configure:19006: $? = 1
configure: failed program was:
| /* confdefs.h.  */
| 
| #define PACKAGE_NAME "mopac7"
| #define PACKAGE_TARNAME "mopac7"
| #define PACKAGE_VERSION "1.00"
| #define PACKAGE_STRING "mopac7 1.00"
| #define PACKAGE_BUGREPORT ""
| #define VERSION "1.00"
| #define PACKAGE "mopac7"
| #define VERSION "1.00"
| #define STDC_HEADERS 1
| #define HAVE_SYS_TYPES_H 1
| #define HAVE_SYS_STAT_H 1
| #define HAVE_STDLIB_H 1
| #define HAVE_STRING_H 1
| #define HAVE_MEMORY_H 1
| #define HAVE_STRINGS_H 1
| #define HAVE_INTTYPES_H 1
| #define HAVE_STDINT_H 1
| #define HAVE_UNISTD_H 1
| #define HAVE_DLFCN_H 1
| #ifdef __cplusplus
| extern "C" void std::exit (int) throw (); using std::exit;
| #endif
| #define PACKAGE "mopac7"
| #define VERSION "1.00"
| #define HAVE_LIBM 1
| /* end confdefs.h.  */
| 
| 
| int
| main ()
| {
| main ();
|   ;
|   return 0;
| }
configure:19031: result: no
configure:19038: checking for main in -lg2c
configure:19062: gcc -o conftest -g -O2   conftest.c -lg2c  -lm  >&5
configure:19068: $? = 0
configure:19071: test -z 			 || test ! -s conftest.err
configure:19074: $? = 0
configure:19077: test -s conftest
configure:19080: $? = 0
configure:19093: result: yes
configure:19127: WARNING: mopac7 program cannot be built without f2c
configure:19129: WARNING: a local copy of f2c.h header has been created in src/
configure:19139: checking for an ANSI C-conforming const
configure:19206: gcc -c -g -O2  conftest.c >&5
configure:19212: $? = 0
configure:19215: test -z 			 || test ! -s conftest.err
configure:19218: $? = 0
configure:19221: test -s conftest.o
configure:19224: $? = 0
configure:19235: result: yes
configure:19245: checking for inline
configure:19266: gcc -c -g -O2  conftest.c >&5
configure:19272: $? = 0
configure:19275: test -z 			 || test ! -s conftest.err
configure:19278: $? = 0
configure:19281: test -s conftest.o
configure:19284: $? = 0
configure:19296: result: inline
configure:19446: creating ./config.status

## ---------------------- ##
## Running config.status. ##
## ---------------------- ##

This file was extended by mopac7 config.status 1.00, which was
generated by GNU Autoconf 2.59.  Invocation command line was

  CONFIG_FILES    = 
  CONFIG_HEADERS  = 
  CONFIG_LINKS    = 
  CONFIG_COMMANDS = 
  $ ./config.status 

on mela85

config.status:718: creating Makefile
config.status:718: creating src/Makefile
config.status:718: creating tests/Makefile
config.status:718: creating libmopac7.pc

## ---------------- ##
## Cache variables. ##
## ---------------- ##

ac_cv_build=i686-pc-linux-gnu
ac_cv_build_alias=i686-pc-linux-gnu
ac_cv_c_compiler_gnu=yes
ac_cv_c_const=yes
ac_cv_c_inline=inline
ac_cv_cxx_compiler_gnu=yes
ac_cv_env_CC_set=
ac_cv_env_CC_value=
ac_cv_env_CFLAGS_set=
ac_cv_env_CFLAGS_value=
ac_cv_env_CPPFLAGS_set=
ac_cv_env_CPPFLAGS_value=
ac_cv_env_CPP_set=
ac_cv_env_CPP_value=
ac_cv_env_CXXCPP_set=
ac_cv_env_CXXCPP_value=
ac_cv_env_CXXFLAGS_set=
ac_cv_env_CXXFLAGS_value=
ac_cv_env_CXX_set=
ac_cv_env_CXX_value=
ac_cv_env_F77_set=
ac_cv_env_F77_value=
ac_cv_env_FFLAGS_set=
ac_cv_env_FFLAGS_value=
ac_cv_env_LDFLAGS_set=
ac_cv_env_LDFLAGS_value=
ac_cv_env_build_alias_set=
ac_cv_env_build_alias_value=
ac_cv_env_host_alias_set=
ac_cv_env_host_alias_value=
ac_cv_env_target_alias_set=
ac_cv_env_target_alias_value=
ac_cv_exeext=
ac_cv_f77_compiler_gnu=yes
ac_cv_header_dlfcn_h=yes
ac_cv_header_inttypes_h=yes
ac_cv_header_memory_h=yes
ac_cv_header_stdc=yes
ac_cv_header_stdint_h=yes
ac_cv_header_stdlib_h=yes
ac_cv_header_string_h=yes
ac_cv_header_strings_h=yes
ac_cv_header_sys_stat_h=yes
ac_cv_header_sys_types_h=yes
ac_cv_header_unistd_h=yes
ac_cv_host=i686-pc-linux-gnu
ac_cv_host_alias=i686-pc-linux-gnu
ac_cv_lib_f2c_main=no
ac_cv_lib_g2c_main=yes
ac_cv_lib_m_acos=yes
ac_cv_objext=o
ac_cv_path_AR=/usr/bin/ar
ac_cv_path_SHELL=/bin/sh
ac_cv_path_install='/usr/bin/install -c'
ac_cv_prog_CPP='gcc -E'
ac_cv_prog_CXXCPP='g++ -E'
ac_cv_prog_ac_ct_AR=/usr/bin/ar
ac_cv_prog_ac_ct_CC=gcc
ac_cv_prog_ac_ct_CXX=g++
ac_cv_prog_ac_ct_F77=g77
ac_cv_prog_ac_ct_RANLIB=ranlib
ac_cv_prog_ac_ct_STRIP=strip
ac_cv_prog_cc_g=yes
ac_cv_prog_cc_stdc=
ac_cv_prog_cxx_g=yes
ac_cv_prog_egrep='grep -E'
ac_cv_prog_f77_g=yes
ac_cv_prog_make_make_set=yes
lt_cv_deplibs_check_method=pass_all
lt_cv_file_magic_cmd='$MAGIC_CMD'
lt_cv_file_magic_test_file=
lt_cv_ld_reload_flag=-r
lt_cv_objdir=.libs
lt_cv_path_LD=/usr/bin/ld
lt_cv_path_LDCXX=/usr/bin/ld
lt_cv_path_NM='/usr/bin/nm -B'
lt_cv_path_SED=/bin/sed
lt_cv_prog_compiler_c_o=yes
lt_cv_prog_compiler_c_o_CXX=yes
lt_cv_prog_compiler_c_o_F77=yes
lt_cv_prog_compiler_rtti_exceptions=no
lt_cv_prog_gnu_ld=yes
lt_cv_prog_gnu_ldcxx=yes
lt_cv_sys_global_symbol_pipe='sed -n -e '\''s/^.*[ 	]\([ABCDGIRSTW][ABCDGIRSTW]*\)[ 	][ 	]*\(\)\([_A-Za-z][_A-Za-z0-9]*\)$/\1 \2\3 \3/p'\'''
lt_cv_sys_global_symbol_to_c_name_address='sed -n -e '\''s/^: \([^ ]*\) $/  {\"\1\", (lt_ptr) 0},/p'\'' -e '\''s/^[BCDEGRST] \([^ ]*\) \([^ ]*\)$/  {"\2", (lt_ptr) \&\2},/p'\'''
lt_cv_sys_global_symbol_to_cdecl='sed -n -e '\''s/^. .* \(.*\)$/extern int \1;/p'\'''
lt_cv_sys_max_cmd_len=32768
lt_lt_cv_prog_compiler_c_o='"yes"'
lt_lt_cv_prog_compiler_c_o_CXX='"yes"'
lt_lt_cv_prog_compiler_c_o_F77='"yes"'
lt_lt_cv_sys_global_symbol_pipe='"sed -n -e '\''s/^.*[ 	]\\([ABCDGIRSTW][ABCDGIRSTW]*\\)[ 	][ 	]*\\(\\)\\([_A-Za-z][_A-Za-z0-9]*\\)\$/\\1 \\2\\3 \\3/p'\''"'
lt_lt_cv_sys_global_symbol_to_c_name_address='"sed -n -e '\''s/^: \\([^ ]*\\) \$/  {\\\"\\1\\\", (lt_ptr) 0},/p'\'' -e '\''s/^[BCDEGRST] \\([^ ]*\\) \\([^ ]*\\)\$/  {\"\\2\", (lt_ptr) \\&\\2},/p'\''"'
lt_lt_cv_sys_global_symbol_to_cdecl='"sed -n -e '\''s/^. .* \\(.*\\)\$/extern int \\1;/p'\''"'

## ----------------- ##
## Output variables. ##
## ----------------- ##

ACLOCAL='aclocal-1.4'
AR='/usr/bin/ar'
AUTOCONF='autoconf'
AUTOHEADER='autoheader'
AUTOMAKE='automake-1.4'
CC='gcc'
CFLAGS='-g -O2'
CPP='gcc -E'
CPPFLAGS=''
CXX='g++'
CXXCPP='g++ -E'
CXXFLAGS='-g -O2'
DEFS='-DPACKAGE_NAME=\"mopac7\" -DPACKAGE_TARNAME=\"mopac7\" -DPACKAGE_VERSION=\"1.00\" -DPACKAGE_STRING=\"mopac7\ 1.00\" -DPACKAGE_BUGREPORT=\"\" -DVERSION=\"1.00\" -DPACKAGE=\"mopac7\" -DVERSION=\"1.00\" -DSTDC_HEADERS=1 -DHAVE_SYS_TYPES_H=1 -DHAVE_SYS_STAT_H=1 -DHAVE_STDLIB_H=1 -DHAVE_STRING_H=1 -DHAVE_MEMORY_H=1 -DHAVE_STRINGS_H=1 -DHAVE_INTTYPES_H=1 -DHAVE_STDINT_H=1 -DHAVE_UNISTD_H=1 -DHAVE_DLFCN_H=1 -DPACKAGE=\"mopac7\" -DVERSION=\"1.00\" -DHAVE_LIBM=1 -DHAVE_LIBG2C=1 '
ECHO='echo'
ECHO_C=''
ECHO_N='-n'
ECHO_T=''
EGREP='grep -E'
EXEEXT=''
F77='g77'
FFLAGS='-g -O2'
HAVE_F2C_FALSE=''
HAVE_F2C_TRUE='#'
INSTALL_DATA='${INSTALL} -m 644'
INSTALL_PROGRAM='${INSTALL}'
INSTALL_SCRIPT='${INSTALL}'
LDFLAGS=''
LIBOBJS=''
LIBS='-lg2c -lm '
LIBTOOL='$(SHELL) $(top_builddir)/libtool'
LN_S='ln -s'
LTLIBOBJS=''
MAKEINFO='makeinfo'
OBJEXT='o'
PACKAGE='mopac7'
PACKAGE_BUGREPORT=''
PACKAGE_NAME='mopac7'
PACKAGE_STRING='mopac7 1.00'
PACKAGE_TARNAME='mopac7'
PACKAGE_VERSION='1.00'
PATH_SEPARATOR=':'
RANLIB='ranlib'
SET_MAKE=''
SHELL='/bin/sh'
STRIP='strip'
VERSION='1.00'
ac_ct_AR='/usr/bin/ar'
ac_ct_CC='gcc'
ac_ct_CXX='g++'
ac_ct_F77='g77'
ac_ct_RANLIB='ranlib'
ac_ct_STRIP='strip'
bindir='${exec_prefix}/bin'
build='i686-pc-linux-gnu'
build_alias=''
build_cpu='i686'
build_os='linux-gnu'
build_vendor='pc'
datadir='${prefix}/share'
exec_prefix='${prefix}'
host='i686-pc-linux-gnu'
host_alias=''
host_cpu='i686'
host_os='linux-gnu'
host_vendor='pc'
includedir='${prefix}/include'
infodir='${prefix}/info'
libdir='${exec_prefix}/lib'
libexecdir='${exec_prefix}/libexec'
localstatedir='${prefix}/var'
mandir='${prefix}/man'
oldincludedir='/usr/include'
prefix='/usr/local'
program_transform_name='s,x,x,'
sbindir='${exec_prefix}/sbin'
sharedstatedir='${prefix}/com'
sysconfdir='${prefix}/etc'
target_alias=''
top_builddir_='/home/thassine/WRK-g_new/MOPAC7/mopac7'

## ----------- ##
## confdefs.h. ##
## ----------- ##

#define HAVE_DLFCN_H 1
#define HAVE_INTTYPES_H 1
#define HAVE_LIBG2C 1
#define HAVE_LIBM 1
#define HAVE_MEMORY_H 1
#define HAVE_STDINT_H 1
#define HAVE_STDLIB_H 1
#define HAVE_STRINGS_H 1
#define HAVE_STRING_H 1
#define HAVE_SYS_STAT_H 1
#define HAVE_SYS_TYPES_H 1
#define HAVE_UNISTD_H 1
#define PACKAGE "mopac7"
#define PACKAGE "mopac7"
#define PACKAGE_BUGREPORT ""
#define PACKAGE_NAME "mopac7"
#define PACKAGE_STRING "mopac7 1.00"
#define PACKAGE_TARNAME "mopac7"
#define PACKAGE_VERSION "1.00"
#define STDC_HEADERS 1
#define VERSION "1.00"
#define VERSION "1.00"
#define VERSION "1.00"
#endif
#ifdef __cplusplus
extern "C" void std::exit (int) throw (); using std::exit;

configure: exit 0

## ---------------------- ##
## Running config.status. ##
## ---------------------- ##

This file was extended by mopac7 config.status 1.00, which was
generated by GNU Autoconf 2.59.  Invocation command line was

  CONFIG_FILES    = Makefile
  CONFIG_HEADERS  = 
  CONFIG_LINKS    = 
  CONFIG_COMMANDS = 
  $ ./config.status 

on mela85

config.status:718: creating Makefile

## ---------------------- ##
## Running config.status. ##
## ---------------------- ##

This file was extended by mopac7 config.status 1.00, which was
generated by GNU Autoconf 2.59.  Invocation command line was

  CONFIG_FILES    = tests/Makefile
  CONFIG_HEADERS  = 
  CONFIG_LINKS    = 
  CONFIG_COMMANDS = 
  $ ./config.status 

on mela85

config.status:718: creating tests/Makefile

## ---------------------- ##
## Running config.status. ##
## ---------------------- ##

This file was extended by mopac7 config.status 1.00, which was
generated by GNU Autoconf 2.59.  Invocation command line was

  CONFIG_FILES    = src/Makefile
  CONFIG_HEADERS  = 
  CONFIG_LINKS    = 
  CONFIG_COMMANDS = 
  $ ./config.status 

on mela85

config.status:718: creating src/Makefile
